<?xml version="1.0" encoding="UTF-8"?>
<!-- Generated by org.testng.reporters.JUnitReportReporter -->
<testsuite skipped="0" hostname="India-PC" name="scripts.comparePriceTest" tests="3" failures="0" timestamp="2020-02-01T15:47:38 IST" time="108.014" errors="0">
  <testcase name="amazonTest" time="81.093" classname="scripts.comparePriceTest"/>
  <system-out/>
  <testcase name="priceComparisionTest" time="0.002" classname="scripts.comparePriceTest"/>
  <system-out/>
  <testcase name="flipkartTest" time="26.919" classname="scripts.comparePriceTest"/>
  <system-out/>
</testsuite> <!-- scripts.comparePriceTest -->
